#
# A fatal error has been detected by the Java Runtime Environment:
#
#  EXCEPTION_ACCESS_VIOLATION (0xc0000005) at pc=0x000000005c27f306, pid=2228, tid=1364
#
# JRE version: Java(TM) SE Runtime Environment (8.0_25-b18) (build 1.8.0_25-b18)
# Java VM: Java HotSpot(TM) 64-Bit Server VM (25.25-b02 mixed mode windows-amd64 compressed oops)
# Problematic frame:
# V  [jvm.dll+0xaf306]
#
# Failed to write core dump. Minidumps are not enabled by default on client versions of Windows
#
# If you would like to submit a bug report, please visit:
#   http://bugreport.sun.com/bugreport/crash.jsp
#

---------------  T H R E A D  ---------------

Current thread (0x0000000055e83000):  JavaThread "C1 CompilerThread1" daemon [_thread_in_vm, id=1364, stack(0x0000000056fe0000,0x00000000570e0000)]

siginfo: ExceptionCode=0xc0000005, reading address 0x00000000000000a0

Registers:
RAX=0x00000000154a0b28, RBX=0x0000000055e816b0, RCX=0x00000000154a0b28, RDX=0x0000000055ca2ed0
RSP=0x00000000570de7c0, RBP=0x00000000570de9f0, RSI=0x0000000055e83000, RDI=0x00000000570de850
R8 =0x0000000055ca4400, R9 =0x0000000000000000, R10=0x0000000000000000, R11=0x0000000000000019
R12=0x0000000055e83000, R13=0x00000000570dea70, R14=0x0000000055ca4400, R15=0x0000000055ca2ed0
RIP=0x000000005c27f306, EFLAGS=0x0000000000010246

Top of Stack: (sp=0x00000000570de7c0)
0x00000000570de7c0:   0000a597a6d3d5c3 00000000570dea70
0x00000000570de7d0:   00000000570de7f0 000000005e16ac80
0x00000000570de7e0:   0000000055ca4400 00000000570dea70
0x00000000570de7f0:   000000005e16ac80 0000000055ca4400
0x00000000570de800:   00000000570dea70 00000000554a0780
0x00000000570de810:   0000000055e83000 000000005c282ade
0x00000000570de820:   0000000055e816b0 00000000154a0b28
0x00000000570de830:   0000000055e83000 0000000055e816b0
0x00000000570de840:   0000000055e83000 000000005ec00f01
0x00000000570de850:   00000000554a0780 0000000055e83000
0x00000000570de860:   000000005576dbf8 000000005c2d039f
0x00000000570de870:   00000000154f6e10 0000000057163bd0
0x00000000570de880:   0000000055ca3e40 000000005c281950
0x00000000570de890:   00000000570deae0 000000005c27f1f7
0x00000000570de8a0:   00000000154f6e10 0000000057163bd0
0x00000000570de8b0:   0000000055ca3e40 000000005c277c00 

Instructions: (pc=0x000000005c27f306)
0x000000005c27f2e6:   4c 8b 12 4d 8b f1 4d 8b f8 48 8b c2 48 8b f9 45
0x000000005c27f2f6:   33 c9 4d 8b c6 49 8b d7 48 8b c8 4c 89 64 24 70
0x000000005c27f306:   41 ff 92 a0 00 00 00 4c 8b a4 24 80 00 00 00 48
0x000000005c27f316:   8b f0 48 85 c0 74 27 49 8b 9c 24 30 01 00 00 8b 


Register to memory mapping:

RAX=0x00000000154a0b28 is pointing into metadata
RBX=0x0000000055e816b0 is an unknown value
RCX=0x00000000154a0b28 is pointing into metadata
RDX=0x0000000055ca2ed0 is an unknown value
RSP=0x00000000570de7c0 is pointing into the stack for thread: 0x0000000055e83000
RBP=0x00000000570de9f0 is pointing into the stack for thread: 0x0000000055e83000
RSI=0x0000000055e83000 is a thread
RDI=0x00000000570de850 is pointing into the stack for thread: 0x0000000055e83000
R8 =0x0000000055ca4400 is an unknown value
R9 =0x0000000000000000 is an unknown value
R10=0x0000000000000000 is an unknown value
R11=0x0000000000000019 is an unknown value
R12=0x0000000055e83000 is a thread
R13=0x00000000570dea70 is pointing into the stack for thread: 0x0000000055e83000
R14=0x0000000055ca4400 is an unknown value
R15=0x0000000055ca2ed0 is an unknown value


Stack: [0x0000000056fe0000,0x00000000570e0000],  sp=0x00000000570de7c0,  free space=1017k
Native frames: (J=compiled Java code, j=interpreted, Vv=VM code, C=native code)
V  [jvm.dll+0xaf306]
V  [jvm.dll+0xb2ade]
V  [jvm.dll+0xb4852]
V  [jvm.dll+0xb51c6]
V  [jvm.dll+0x272ac]
V  [jvm.dll+0x2767b]
V  [jvm.dll+0x277da]
V  [jvm.dll+0x3e90d]
V  [jvm.dll+0x3fa338]
V  [jvm.dll+0x3fd5a7]
V  [jvm.dll+0x3fdd6b]
V  [jvm.dll+0x3fec5d]
V  [jvm.dll+0x3feea8]
V  [jvm.dll+0x3fabbf]
V  [jvm.dll+0x3fd5a7]
V  [jvm.dll+0x3fde9d]
V  [jvm.dll+0x3fec5d]
V  [jvm.dll+0x3feea8]
V  [jvm.dll+0x3fabbf]
V  [jvm.dll+0x3fd5a7]
V  [jvm.dll+0x3fde9d]
V  [jvm.dll+0x3fe292]
V  [jvm.dll+0x403345]
V  [jvm.dll+0x403450]
V  [jvm.dll+0x3ed398]
V  [jvm.dll+0x3ed601]
V  [jvm.dll+0x3ed7c2]
V  [jvm.dll+0x3ed98e]
V  [jvm.dll+0x3edb8f]
V  [jvm.dll+0x98a02]
V  [jvm.dll+0x991f3]
V  [jvm.dll+0x22bde4]
V  [jvm.dll+0x2852fa]
C  [msvcr100.dll+0x21d9f]
C  [msvcr100.dll+0x21e3b]
C  [kernel32.dll+0x1f34d]
C  [ntdll.dll+0x32ca1]


Current CompileTask:
C1:  75179 4462       3       javax.swing.plaf.basic.BasicBorders$MarginBorder::getBorderInsets (131 bytes)


---------------  P R O C E S S  ---------------

Java Threads: ( => current thread )
  0x000000005e666800 JavaThread "Image Fetcher 0" daemon [_thread_blocked, id=4804, stack(0x0000000062a00000,0x0000000062b00000)]
  0x00000000588bc000 JavaThread "RMI TCP Connection(4)-127.0.0.1" daemon [_thread_in_native, id=3220, stack(0x00000000625a0000,0x00000000626a0000)]
  0x00000000588bb800 JavaThread "RMI RenewClean-[127.0.0.1:52923]" daemon [_thread_blocked, id=1292, stack(0x0000000059920000,0x0000000059a20000)]
  0x00000000588ba800 JavaThread "RMI TCP Connection(3)-127.0.0.1" daemon [_thread_in_native, id=5064, stack(0x00000000624a0000,0x00000000625a0000)]
  0x00000000588ba000 JavaThread "RMI TCP Accept-52930" daemon [_thread_in_native, id=5104, stack(0x0000000062330000,0x0000000062430000)]
  0x00000000588b9000 JavaThread "SoundStream:file:/C:/Users/Ahrenn/Desktop/Files%20and%20Documents/Schoolwork/Grade%2012/Computer%20Science/(15.01.20)%20Run%20Reimu%20Run%20Final/(15.01.20)%20Run%20Reimu%20Run%20Final/Run%20Reimu%20Run%20Final/sounds/BackgroundMusic.mp3" [_thread_blocked, id=3868, stack(0x000000005f890000,0x000000005f990000)]
  0x00000000588b7800 JavaThread "SoundStream:file:/C:/Users/Ahrenn/Desktop/Files%20and%20Documents/Schoolwork/Grade%2012/Computer%20Science/(15.01.20)%20Run%20Reimu%20Run%20Final/(15.01.20)%20Run%20Reimu%20Run%20Final/Run%20Reimu%20Run%20Final/sounds/BackgroundMusic.mp3" [_thread_blocked, id=4476, stack(0x0000000066f80000,0x0000000067080000)]
  0x00000000588b6000 JavaThread "SoundStream:file:/C:/Users/Ahrenn/Desktop/Files%20and%20Documents/Schoolwork/Grade%2012/Computer%20Science/(15.01.20)%20Run%20Reimu%20Run%20Final/(15.01.20)%20Run%20Reimu%20Run%20Final/Run%20Reimu%20Run%20Final/sounds/BackgroundMusic.mp3" [_thread_blocked, id=1072, stack(0x00000000665c0000,0x00000000666c0000)]
  0x00000000588b5800 JavaThread "Java Sound Event Dispatcher" daemon [_thread_blocked, id=4376, stack(0x000000005fbf0000,0x000000005fcf0000)]
  0x00000000584f2000 JavaThread "SoundStream:file:/C:/Users/Ahrenn/Desktop/Files%20and%20Documents/Schoolwork/Grade%2012/Computer%20Science/(15.01.20)%20Run%20Reimu%20Run%20Final/(15.01.20)%20Run%20Reimu%20Run%20Final/Run%20Reimu%20Run%20Final/sounds/BackgroundMusic.mp3" [_thread_blocked, id=3720, stack(0x000000005b570000,0x000000005b670000)]
  0x00000000584f2800 JavaThread "D3D Screen Updater" daemon [_thread_blocked, id=1184, stack(0x00000000594c0000,0x00000000595c0000)]
  0x00000000584f1000 JavaThread "TimerQueue" daemon [_thread_blocked, id=4040, stack(0x000000005edb0000,0x000000005eeb0000)]
  0x00000000584ef800 JavaThread "main" [_thread_blocked, id=4940, stack(0x0000000059270000,0x0000000059370000)]
  0x00000000584ee000 JavaThread "SimulationThread" [_thread_blocked, id=3856, stack(0x000000005b970000,0x000000005ba70000)]
  0x00000000584ec800 JavaThread "AWT-EventQueue-0" [_thread_blocked, id=2648, stack(0x000000005b690000,0x000000005b790000)]
  0x00000000584ec000 JavaThread "RMI TCP Connection(2)-127.0.0.1" daemon [_thread_in_native, id=776, stack(0x0000000059fd0000,0x000000005a0d0000)]
  0x00000000584e5800 JavaThread "RMI Reaper" [_thread_blocked, id=1520, stack(0x0000000059c80000,0x0000000059d80000)]
  0x00000000584e5000 JavaThread "RMI TCP Accept-0" daemon [_thread_in_native, id=1240, stack(0x0000000057f80000,0x0000000058080000)]
  0x0000000058461000 JavaThread "GC Daemon" daemon [_thread_blocked, id=5060, stack(0x0000000058f40000,0x0000000059040000)]
  0x00000000583fc800 JavaThread "RMI RenewClean-[127.0.0.1:52916]" daemon [_thread_blocked, id=2484, stack(0x0000000058e40000,0x0000000058f40000)]
  0x00000000583fb000 JavaThread "RMI Scheduler(0)" daemon [_thread_blocked, id=5108, stack(0x0000000058cd0000,0x0000000058dd0000)]
  0x0000000002030000 JavaThread "DestroyJavaVM" [_thread_blocked, id=3672, stack(0x0000000002300000,0x0000000002400000)]
  0x0000000057482000 JavaThread "BlueJ worker thread" [_thread_blocked, id=4624, stack(0x00000000580a0000,0x00000000581a0000)]
  0x0000000057476800 JavaThread "AWT-Windows" daemon [_thread_in_native, id=3272, stack(0x0000000057ab0000,0x0000000057bb0000)]
  0x0000000057476000 JavaThread "AWT-Shutdown" [_thread_blocked, id=3772, stack(0x00000000578b0000,0x00000000579b0000)]
  0x0000000057474000 JavaThread "Java2D Disposer" daemon [_thread_blocked, id=3480, stack(0x00000000576e0000,0x00000000577e0000)]
  0x0000000057129800 JavaThread "Service Thread" daemon [_thread_blocked, id=4436, stack(0x0000000057530000,0x0000000057630000)]
=>0x0000000055e83000 JavaThread "C1 CompilerThread1" daemon [_thread_in_vm, id=1364, stack(0x0000000056fe0000,0x00000000570e0000)]
  0x0000000055e82000 JavaThread "C2 CompilerThread0" daemon [_thread_blocked, id=3372, stack(0x0000000056ee0000,0x0000000056fe0000)]
  0x0000000055e73800 JavaThread "JDWP Command Reader" daemon [_thread_in_native, id=1368, stack(0x0000000056cc0000,0x0000000056dc0000)]
  0x0000000055e72000 JavaThread "JDWP Event Helper Thread" daemon [_thread_blocked, id=664, stack(0x0000000056ad0000,0x0000000056bd0000)]
  0x0000000055e67000 JavaThread "JDWP Transport Listener: dt_shmem" daemon [_thread_blocked, id=4028, stack(0x00000000568f0000,0x00000000569f0000)]
  0x0000000055e5e800 JavaThread "Attach Listener" daemon [_thread_blocked, id=4580, stack(0x0000000056770000,0x0000000056870000)]
  0x0000000055e5d000 JavaThread "Signal Dispatcher" daemon [_thread_blocked, id=3276, stack(0x0000000056620000,0x0000000056720000)]
  0x0000000055e5c000 JavaThread "Surrogate Locker Thread (Concurrent GC)" daemon [_thread_blocked, id=1276, stack(0x0000000056440000,0x0000000056540000)]
  0x0000000055e00800 JavaThread "Finalizer" daemon [_thread_blocked, id=1280, stack(0x0000000056250000,0x0000000056350000)]
  0x0000000055dfa000 JavaThread "Reference Handler" daemon [_thread_blocked, id=4412, stack(0x0000000056120000,0x0000000056220000)]

Other Threads:
  0x0000000055dea800 VMThread [stack: 0x0000000055f50000,0x0000000056050000] [id=2752]
  0x000000005712b000 WatcherThread [stack: 0x0000000056de0000,0x0000000056ee0000] [id=3320]

VM state:not at safepoint (normal execution)

VM Mutex/Monitor currently owned by a thread: None

Heap:
 par new generation   total 28416K, used 14243K [0x00000000c0000000, 0x00000000c1ed0000, 0x00000000ca660000)
  eden space 25280K,  56% used [0x00000000c0000000, 0x00000000c0de8e58, 0x00000000c18b0000)
  from space 3136K,   0% used [0x00000000c1bc0000, 0x00000000c1bc0000, 0x00000000c1ed0000)
  to   space 3136K,   0% used [0x00000000c18b0000, 0x00000000c18b0000, 0x00000000c1bc0000)
 concurrent mark-sweep generation total 62920K, used 28369K [0x00000000ca660000, 0x00000000ce3d2000, 0x0000000100000000)
 Metaspace       used 23298K, capacity 23718K, committed 23808K, reserved 1071104K
  class space    used 2934K, capacity 3052K, committed 3072K, reserved 1048576K

Card table byte_map: [0x0000000011f40000,0x0000000012150000] byte_map_base: 0x0000000011940000

Marking Bits: (CMSBitMap*) 0x00000000020701a8
 Bits: [0x0000000012410000, 0x0000000013176800)

Mod Union Table: (CMSBitMap*) 0x0000000002070268
 Bits: [0x0000000001c90000, 0x0000000001cc59a0)

Polling page: 0x0000000001c60000

CodeCache: size=245760Kb used=13911Kb max_used=13922Kb free=231848Kb
 bounds [0x0000000002750000, 0x0000000003500000, 0x0000000011750000]
 total_blobs=4318 nmethods=3724 adapters=514
 compilation: enabled

Compilation events (10 events):
Event: 73.817 Thread 0x0000000055e83000 4458       3       com.sun.java.swing.plaf.windows.WindowsIconFactory$VistaMenuItemCheckIconFactory$VistaMenuItemCheckIcon::typeToString (76 bytes)
Event: 73.820 Thread 0x0000000055e83000 nmethod 4458 0x00000000034ef1d0 code [0x00000000034ef400, 0x00000000034f01b8]
Event: 73.855 Thread 0x0000000055e82000 nmethod 4456 0x00000000034e8a50 code [0x00000000034e8c80, 0x00000000034e9b20]
Event: 73.856 Thread 0x0000000055e82000 4459       4       java.util.concurrent.locks.ReentrantReadWriteLock$ReadLock::unlock (10 bytes)
Event: 73.882 Thread 0x0000000055e82000 nmethod 4459 0x00000000034f3bd0 code [0x00000000034f3d20, 0x00000000034f4008]
Event: 73.899 Thread 0x0000000055e82000 4460       4       sun.java2d.SunGraphics2D::setDevClip (45 bytes)
Event: 73.900 Thread 0x0000000055e83000 4461   !   3       sun.awt.windows.ThemeReader::isThemePartDefined (44 bytes)
Event: 73.902 Thread 0x0000000055e83000 nmethod 4461 0x00000000034eab50 code [0x00000000034ead60, 0x00000000034eb7d8]
Event: 73.942 Thread 0x0000000055e82000 nmethod 4460 0x00000000034f7d10 code [0x00000000034f7f00, 0x00000000034f8810]
Event: 74.700 Thread 0x0000000055e83000 4462       3       javax.swing.plaf.basic.BasicBorders$MarginBorder::getBorderInsets (131 bytes)

GC Heap History (10 events):
Event: 55.521 GC heap before
{Heap before GC invocations=140 (full 20):
 par new generation   total 28416K, used 1532K [0x00000000c0000000, 0x00000000c1ed0000, 0x00000000ca660000)
  eden space 25280K,   6% used [0x00000000c0000000, 0x00000000c017f100, 0x00000000c18b0000)
  from space 3136K,   0% used [0x00000000c18b0000, 0x00000000c18b0000, 0x00000000c1bc0000)
  to   space 3136K,   0% used [0x00000000c1bc0000, 0x00000000c1bc0000, 0x00000000c1ed0000)
 concurrent mark-sweep generation total 62920K, used 28849K [0x00000000ca660000, 0x00000000ce3d2000, 0x0000000100000000)
 Metaspace       used 18837K, capacity 19088K, committed 19328K, reserved 1067008K
  class space    used 2254K, capacity 2349K, committed 2432K, reserved 1048576K
Event: 55.700 GC heap after
Heap after GC invocations=141 (full 21):
 par new generation   total 28416K, used 0K [0x00000000c0000000, 0x00000000c1ed0000, 0x00000000ca660000)
  eden space 25280K,   0% used [0x00000000c0000000, 0x00000000c0000000, 0x00000000c18b0000)
  from space 3136K,   0% used [0x00000000c18b0000, 0x00000000c18b0000, 0x00000000c1bc0000)
  to   space 3136K,   0% used [0x00000000c1bc0000, 0x00000000c1bc0000, 0x00000000c1ed0000)
 concurrent mark-sweep generation total 62920K, used 28782K [0x00000000ca660000, 0x00000000ce3d2000, 0x0000000100000000)
 Metaspace       used 18837K, capacity 19088K, committed 19328K, reserved 1067008K
  class space    used 2254K, capacity 2349K, committed 2432K, reserved 1048576K
}
Event: 59.079 GC heap before
{Heap before GC invocations=141 (full 21):
 par new generation   total 28416K, used 25280K [0x00000000c0000000, 0x00000000c1ed0000, 0x00000000ca660000)
  eden space 25280K, 100% used [0x00000000c0000000, 0x00000000c18b0000, 0x00000000c18b0000)
  from space 3136K,   0% used [0x00000000c18b0000, 0x00000000c18b0000, 0x00000000c1bc0000)
  to   space 3136K,   0% used [0x00000000c1bc0000, 0x00000000c1bc0000, 0x00000000c1ed0000)
 concurrent mark-sweep generation total 62920K, used 28782K [0x00000000ca660000, 0x00000000ce3d2000, 0x0000000100000000)
 Metaspace       used 18871K, capacity 19094K, committed 19328K, reserved 1067008K
  class space    used 2256K, capacity 2350K, committed 2432K, reserved 1048576K
Event: 59.084 GC heap after
Heap after GC invocations=142 (full 21):
 par new generation   total 28416K, used 574K [0x00000000c0000000, 0x00000000c1ed0000, 0x00000000ca660000)
  eden space 25280K,   0% used [0x00000000c0000000, 0x00000000c0000000, 0x00000000c18b0000)
  from space 3136K,  18% used [0x00000000c1bc0000, 0x00000000c1c4f850, 0x00000000c1ed0000)
  to   space 3136K,   0% used [0x00000000c18b0000, 0x00000000c18b0000, 0x00000000c1bc0000)
 concurrent mark-sweep generation total 62920K, used 28782K [0x00000000ca660000, 0x00000000ce3d2000, 0x0000000100000000)
 Metaspace       used 18871K, capacity 19094K, committed 19328K, reserved 1067008K
  class space    used 2256K, capacity 2350K, committed 2432K, reserved 1048576K
}
Event: 59.521 GC heap before
{Heap before GC invocations=142 (full 21):
 par new generation   total 28416K, used 15689K [0x00000000c0000000, 0x00000000c1ed0000, 0x00000000ca660000)
  eden space 25280K,  59% used [0x00000000c0000000, 0x00000000c0ec2d58, 0x00000000c18b0000)
  from space 3136K,  18% used [0x00000000c1bc0000, 0x00000000c1c4f850, 0x00000000c1ed0000)
  to   space 3136K,   0% used [0x00000000c18b0000, 0x00000000c18b0000, 0x00000000c1bc0000)
 concurrent mark-sweep generation total 62920K, used 28782K [0x00000000ca660000, 0x00000000ce3d2000, 0x0000000100000000)
 Metaspace       used 18878K, capacity 19158K, committed 19328K, reserved 1067008K
  class space    used 2257K, capacity 2350K, committed 2432K, reserved 1048576K
Event: 59.609 GC heap after
Heap after GC invocations=143 (full 22):
 par new generation   total 28416K, used 0K [0x00000000c0000000, 0x00000000c1ed0000, 0x00000000ca660000)
  eden space 25280K,   0% used [0x00000000c0000000, 0x00000000c0000000, 0x00000000c18b0000)
  from space 3136K,   0% used [0x00000000c1bc0000, 0x00000000c1bc0000, 0x00000000c1ed0000)
  to   space 3136K,   0% used [0x00000000c18b0000, 0x00000000c18b0000, 0x00000000c1bc0000)
 concurrent mark-sweep generation total 62920K, used 29092K [0x00000000ca660000, 0x00000000ce3d2000, 0x0000000100000000)
 Metaspace       used 18878K, capacity 19158K, committed 19328K, reserved 1067008K
  class space    used 2257K, capacity 2350K, committed 2432K, reserved 1048576K
}
Event: 61.284 GC heap before
{Heap before GC invocations=143 (full 22):
 par new generation   total 28416K, used 1383K [0x00000000c0000000, 0x00000000c1ed0000, 0x00000000ca660000)
  eden space 25280K,   5% used [0x00000000c0000000, 0x00000000c0159e08, 0x00000000c18b0000)
  from space 3136K,   0% used [0x00000000c1bc0000, 0x00000000c1bc0000, 0x00000000c1ed0000)
  to   space 3136K,   0% used [0x00000000c18b0000, 0x00000000c18b0000, 0x00000000c1bc0000)
 concurrent mark-sweep generation total 62920K, used 29092K [0x00000000ca660000, 0x00000000ce3d2000, 0x0000000100000000)
 Metaspace       used 18897K, capacity 19158K, committed 19328K, reserved 1067008K
  class space    used 2257K, capacity 2350K, committed 2432K, reserved 1048576K
Event: 61.421 GC heap after
Heap after GC invocations=144 (full 23):
 par new generation   total 28416K, used 0K [0x00000000c0000000, 0x00000000c1ed0000, 0x00000000ca660000)
  eden space 25280K,   0% used [0x00000000c0000000, 0x00000000c0000000, 0x00000000c18b0000)
  from space 3136K,   0% used [0x00000000c1bc0000, 0x00000000c1bc0000, 0x00000000c1ed0000)
  to   space 3136K,   0% used [0x00000000c18b0000, 0x00000000c18b0000, 0x00000000c1bc0000)
 concurrent mark-sweep generation total 62920K, used 29085K [0x00000000ca660000, 0x00000000ce3d2000, 0x0000000100000000)
 Metaspace       used 18897K, capacity 19158K, committed 19328K, reserved 1067008K
  class space    used 2257K, capacity 2350K, committed 2432K, reserved 1048576K
}
Event: 69.773 GC heap before
{Heap before GC invocations=144 (full 24):
 par new generation   total 28416K, used 6527K [0x00000000c0000000, 0x00000000c1ed0000, 0x00000000ca660000)
  eden space 25280K,  25% used [0x00000000c0000000, 0x00000000c065fd00, 0x00000000c18b0000)
  from space 3136K,   0% used [0x00000000c1bc0000, 0x00000000c1bc0000, 0x00000000c1ed0000)
  to   space 3136K,   0% used [0x00000000c18b0000, 0x00000000c18b0000, 0x00000000c1bc0000)
 concurrent mark-sweep generation total 62920K, used 29085K [0x00000000ca660000, 0x00000000ce3d2000, 0x0000000100000000)
 Metaspace       used 19808K, capacity 20090K, committed 20224K, reserved 1067008K
  class space    used 2397K, capacity 2484K, committed 2560K, reserved 1048576K
Event: 69.842 GC heap after
Heap after GC invocations=145 (full 25):
 par new generation   total 28416K, used 0K [0x00000000c0000000, 0x00000000c1ed0000, 0x00000000ca660000)
  eden space 25280K,   0% used [0x00000000c0000000, 0x00000000c0000000, 0x00000000c18b0000)
  from space 3136K,   0% used [0x00000000c1bc0000, 0x00000000c1bc0000, 0x00000000c1ed0000)
  to   space 3136K,   0% used [0x00000000c18b0000, 0x00000000c18b0000, 0x00000000c1bc0000)
 concurrent mark-sweep generation total 62920K, used 28369K [0x00000000ca660000, 0x00000000ce3d2000, 0x0000000100000000)
 Metaspace       used 19808K, capacity 20090K, committed 20224K, reserved 1067008K
  class space    used 2397K, capacity 2484K, committed 2560K, reserved 1048576K
}

Deoptimization events (10 events):
Event: 71.358 Thread 0x00000000584ec800 Uncommon trap: reason=class_check action=maybe_recompile pc=0x0000000003392950 method=java.awt.EventQueue.uncacheEQItem(Lsun/awt/EventQueueItem;)V @ 20
Event: 71.358 Thread 0x00000000584ec800 Uncommon trap: reason=class_check action=maybe_recompile pc=0x0000000003392950 method=java.awt.EventQueue.uncacheEQItem(Lsun/awt/EventQueueItem;)V @ 20
Event: 71.358 Thread 0x00000000584ec800 Uncommon trap: reason=class_check action=maybe_recompile pc=0x0000000003392950 method=java.awt.EventQueue.uncacheEQItem(Lsun/awt/EventQueueItem;)V @ 20
Event: 71.358 Thread 0x00000000584ec800 Uncommon trap: reason=class_check action=maybe_recompile pc=0x0000000002ee6144 method=java.awt.EventQueue.uncacheEQItem(Lsun/awt/EventQueueItem;)V @ 20
Event: 71.361 Thread 0x00000000584ec800 Uncommon trap: reason=class_check action=maybe_recompile pc=0x00000000034633cc method=javax.swing.RepaintManager.addDirtyRegion0(Ljava/awt/Container;IIII)V @ 91
Event: 71.396 Thread 0x00000000584ec800 Uncommon trap: reason=class_check action=maybe_recompile pc=0x00000000034633cc method=javax.swing.RepaintManager.addDirtyRegion0(Ljava/awt/Container;IIII)V @ 91
Event: 71.429 Thread 0x00000000584ec800 Uncommon trap: reason=class_check action=maybe_recompile pc=0x00000000034633cc method=javax.swing.RepaintManager.addDirtyRegion0(Ljava/awt/Container;IIII)V @ 91
Event: 71.463 Thread 0x00000000584ec800 Uncommon trap: reason=class_check action=maybe_recompile pc=0x00000000034633cc method=javax.swing.RepaintManager.addDirtyRegion0(Ljava/awt/Container;IIII)V @ 91
Event: 72.507 Thread 0x0000000057476800 Uncommon trap: reason=unreached action=reinterpret pc=0x00000000029869cc method=java.awt.EventQueue.eventToCacheIndex(Ljava/awt/AWTEvent;)I @ 71
Event: 72.515 Thread 0x00000000584ec800 Uncommon trap: reason=class_check action=maybe_recompile pc=0x0000000002af9158 method=java.awt.EventQueue.setCurrentEventAndMostRecentTimeImpl(Ljava/awt/AWTEvent;)V @ 135

Internal exceptions (10 events):
Event: 70.719 Thread 0x00000000584ec800 Exception <a 'java/security/PrivilegedActionException'> (0x00000000c08a42a8) thrown at [D:\re\workspace\8-2-build-windows-amd64-cygwin\jdk8u25\1677\hotspot\src\share\vm\prims\jvm.cpp, line 1312]
Event: 70.721 Thread 0x00000000584ec800 Exception <a 'java/security/PrivilegedActionException'> (0x00000000c08abed8) thrown at [D:\re\workspace\8-2-build-windows-amd64-cygwin\jdk8u25\1677\hotspot\src\share\vm\prims\jvm.cpp, line 1312]
Event: 70.724 Thread 0x00000000584ec800 Exception <a 'java/security/PrivilegedActionException'> (0x00000000c08de0b8) thrown at [D:\re\workspace\8-2-build-windows-amd64-cygwin\jdk8u25\1677\hotspot\src\share\vm\prims\jvm.cpp, line 1312]
Event: 70.740 Thread 0x00000000584ec800 Exception <a 'java/security/PrivilegedActionException'> (0x00000000c092c568) thrown at [D:\re\workspace\8-2-build-windows-amd64-cygwin\jdk8u25\1677\hotspot\src\share\vm\prims\jvm.cpp, line 1312]
Event: 70.741 Thread 0x00000000584ec800 Exception <a 'java/security/PrivilegedActionException'> (0x00000000c09366e8) thrown at [D:\re\workspace\8-2-build-windows-amd64-cygwin\jdk8u25\1677\hotspot\src\share\vm\prims\jvm.cpp, line 1312]
Event: 70.743 Thread 0x00000000584ec800 Exception <a 'java/security/PrivilegedActionException'> (0x00000000c0949c90) thrown at [D:\re\workspace\8-2-build-windows-amd64-cygwin\jdk8u25\1677\hotspot\src\share\vm\prims\jvm.cpp, line 1312]
Event: 70.745 Thread 0x00000000584ec800 Exception <a 'java/security/PrivilegedActionException'> (0x00000000c09571d0) thrown at [D:\re\workspace\8-2-build-windows-amd64-cygwin\jdk8u25\1677\hotspot\src\share\vm\prims\jvm.cpp, line 1312]
Event: 70.785 Thread 0x00000000584ec800 Exception <a 'java/security/PrivilegedActionException'> (0x00000000c0979d50) thrown at [D:\re\workspace\8-2-build-windows-amd64-cygwin\jdk8u25\1677\hotspot\src\share\vm\prims\jvm.cpp, line 1312]
Event: 70.824 Thread 0x00000000584ec800 Exception <a 'java/security/PrivilegedActionException'> (0x00000000c09892c0) thrown at [D:\re\workspace\8-2-build-windows-amd64-cygwin\jdk8u25\1677\hotspot\src\share\vm\prims\jvm.cpp, line 1312]
Event: 70.945 Thread 0x00000000584ec800 Implicit null exception at 0x0000000002e675ff to 0x0000000002e68365

Events (10 events):
Event: 72.507 Thread 0x0000000057476800 DEOPT UNPACKING pc=0x000000000279556a sp=0x0000000057bade30 mode 2
Event: 72.508 loading class java/awt/Window$1DisposeAction
Event: 72.508 loading class java/awt/Window$1DisposeAction done
Event: 72.512 loading class javax/swing/Autoscroller
Event: 72.513 loading class javax/swing/Autoscroller done
Event: 72.515 Thread 0x00000000584ec800 Uncommon trap: trap_request=0xffffffde fr.pc=0x0000000002af9158
Event: 72.515 Thread 0x00000000584ec800 DEOPT PACKING pc=0x0000000002af9158 sp=0x000000005b78e1d0
Event: 72.515 Thread 0x00000000584ec800 DEOPT UNPACKING pc=0x000000000279556a sp=0x000000005b78e188 mode 2
Event: 73.345 Executing VM operation: BulkRevokeBias
Event: 73.346 Executing VM operation: BulkRevokeBias done


Dynamic libraries:
0x000000013fd40000 - 0x000000013fd74000 	C:\Program Files\Java\jdk1.8.0_25\jre\bin\java.exe
0x0000000077510000 - 0x00000000776bc000 	C:\Windows\SYSTEM32\ntdll.dll
0x0000000076e30000 - 0x0000000076f4f000 	C:\Windows\system32\kernel32.dll
0x000007fefdca0000 - 0x000007fefdd0c000 	C:\Windows\system32\KERNELBASE.dll
0x000007feff260000 - 0x000007feff33b000 	C:\Windows\system32\ADVAPI32.dll
0x000007feff1c0000 - 0x000007feff25f000 	C:\Windows\system32\msvcrt.dll
0x000007fefeae0000 - 0x000007fefeaff000 	C:\Windows\SYSTEM32\sechost.dll
0x000007feff410000 - 0x000007feff53e000 	C:\Windows\system32\RPCRT4.dll
0x00000000772c0000 - 0x00000000773ba000 	C:\Windows\system32\USER32.dll
0x000007feff130000 - 0x000007feff197000 	C:\Windows\system32\GDI32.dll
0x000007feff620000 - 0x000007feff62e000 	C:\Windows\system32\LPK.dll
0x000007fefeb00000 - 0x000007fefebca000 	C:\Windows\system32\USP10.dll
0x000007fefc3f0000 - 0x000007fefc5e4000 	C:\Windows\WinSxS\amd64_microsoft.windows.common-controls_6595b64144ccf1df_6.0.7600.16385_none_fa645303170382f6\COMCTL32.dll
0x000007feff340000 - 0x000007feff3b1000 	C:\Windows\system32\SHLWAPI.dll
0x000007fefeef0000 - 0x000007fefef1e000 	C:\Windows\system32\IMM32.DLL
0x000007fefeca0000 - 0x000007fefeda9000 	C:\Windows\system32\MSCTF.dll
0x00000000699a0000 - 0x0000000069a72000 	C:\Program Files\Java\jdk1.8.0_25\jre\bin\msvcr100.dll
0x000000005c1d0000 - 0x000000005ca2a000 	C:\Program Files\Java\jdk1.8.0_25\jre\bin\server\jvm.dll
0x000007fef9fa0000 - 0x000007fef9fa9000 	C:\Windows\system32\WSOCK32.dll
0x000007feff3c0000 - 0x000007feff40d000 	C:\Windows\system32\WS2_32.dll
0x000007feff630000 - 0x000007feff638000 	C:\Windows\system32\NSI.dll
0x000007fefbc20000 - 0x000007fefbc5b000 	C:\Windows\system32\WINMM.dll
0x00000000776e0000 - 0x00000000776e7000 	C:\Windows\system32\PSAPI.DLL
0x0000000072ec0000 - 0x0000000072ecf000 	C:\Program Files\Java\jdk1.8.0_25\jre\bin\verify.dll
0x0000000069970000 - 0x0000000069998000 	C:\Program Files\Java\jdk1.8.0_25\jre\bin\java.dll
0x00000000690c0000 - 0x00000000690f5000 	C:\Program Files\Java\jdk1.8.0_25\jre\bin\jdwp.dll
0x0000000069270000 - 0x0000000069278000 	C:\Program Files\Java\jdk1.8.0_25\jre\bin\npt.dll
0x000000006a0a0000 - 0x000000006a0b6000 	C:\Program Files\Java\jdk1.8.0_25\jre\bin\zip.dll
0x000007fefdd50000 - 0x000007fefead7000 	C:\Windows\system32\SHELL32.dll
0x000007fefef20000 - 0x000007feff122000 	C:\Windows\system32\ole32.dll
0x000007fefd980000 - 0x000007fefd98f000 	C:\Windows\system32\profapi.dll
0x0000000072ed0000 - 0x0000000072edb000 	C:\Program Files\Java\jdk1.8.0_25\jre\bin\dt_shmem.dll
0x00000000697d0000 - 0x0000000069968000 	C:\Program Files\Java\jdk1.8.0_25\jre\bin\awt.dll
0x000007feff540000 - 0x000007feff617000 	C:\Windows\system32\OLEAUT32.dll
0x000007fefc080000 - 0x000007fefc0d6000 	C:\Windows\system32\uxtheme.dll
0x000007fefc290000 - 0x000007fefc2a8000 	C:\Windows\system32\dwmapi.dll
0x000007fefd8b0000 - 0x000007fefd8bf000 	C:\Windows\system32\CRYPTBASE.dll
0x000007fefd250000 - 0x000007fefd267000 	C:\Windows\system32\CRYPTSP.dll
0x000007fefcf50000 - 0x000007fefcf97000 	C:\Windows\system32\rsaenh.dll
0x000007fefcc80000 - 0x000007fefcc9e000 	C:\Windows\system32\USERENV.dll
0x000000006a080000 - 0x000000006a09a000 	C:\Program Files\Java\jdk1.8.0_25\jre\bin\net.dll
0x000007fefd1f0000 - 0x000007fefd244000 	C:\Windows\system32\mswsock.dll
0x000007fefd1e0000 - 0x000007fefd1e7000 	C:\Windows\System32\wship6.dll
0x000007fefa6d0000 - 0x000007fefa6f7000 	C:\Windows\system32\IPHLPAPI.DLL
0x000007fefa6c0000 - 0x000007fefa6cb000 	C:\Windows\system32\WINNSI.DLL
0x000007fefa1a0000 - 0x000007fefa1b1000 	C:\Windows\system32\dhcpcsvc6.DLL
0x000007fefa180000 - 0x000007fefa198000 	C:\Windows\system32\dhcpcsvc.DLL
0x0000000069750000 - 0x0000000069761000 	C:\Program Files\Java\jdk1.8.0_25\jre\bin\nio.dll
0x000007fef9070000 - 0x000007fef926f000 	C:\Windows\system32\d3d9.dll
0x000007fefca80000 - 0x000007fefca8c000 	C:\Windows\system32\VERSION.dll
0x000007fef9060000 - 0x000007fef9067000 	C:\Windows\system32\d3d8thk.dll
0x000007fef2690000 - 0x000007fef3815000 	C:\Windows\system32\nvd3dumx.dll
0x000007fefc310000 - 0x000007fefc33c000 	C:\Windows\system32\powrprof.dll
0x000007feff640000 - 0x000007feff817000 	C:\Windows\system32\SETUPAPI.dll
0x000007fefdc60000 - 0x000007fefdc96000 	C:\Windows\system32\CFGMGR32.dll
0x000007fefdba0000 - 0x000007fefdbba000 	C:\Windows\system32\DEVOBJ.dll
0x000007fefaae0000 - 0x000007fefada3000 	C:\Windows\system32\nvapi64.dll
0x0000000069280000 - 0x00000000692c7000 	C:\Program Files\Java\jdk1.8.0_25\jre\bin\fontmanager.dll
0x000000006a070000 - 0x000000006a07c000 	C:\Program Files\Java\jdk1.8.0_25\jre\bin\jsound.dll
0x0000000069250000 - 0x000000006925b000 	C:\Program Files\Java\jdk1.8.0_25\jre\bin\jsoundds.dll
0x000007fef1480000 - 0x000007fef1508000 	C:\Windows\system32\DSOUND.dll
0x000007fefc240000 - 0x000007fefc28b000 	C:\Windows\system32\MMDevAPI.DLL
0x000007fefc110000 - 0x000007fefc23c000 	C:\Windows\system32\PROPSYS.dll
0x000007fefbbe0000 - 0x000007fefbc1b000 	C:\Windows\system32\wdmaud.drv
0x0000000074da0000 - 0x0000000074da6000 	C:\Windows\system32\ksuser.dll
0x000007fefc100000 - 0x000007fefc109000 	C:\Windows\system32\AVRT.dll
0x000007fefb190000 - 0x000007fefb1df000 	C:\Windows\system32\AUDIOSES.DLL
0x000007fefa850000 - 0x000007fefa85a000 	C:\Windows\system32\msacm32.drv
0x000007fefa830000 - 0x000007fefa848000 	C:\Windows\system32\MSACM32.dll
0x000007fefa820000 - 0x000007fefa829000 	C:\Windows\system32\midimap.dll
0x000007fefedb0000 - 0x000007fefee49000 	C:\Windows\system32\CLBCatQ.DLL
0x0000000069100000 - 0x0000000069141000 	C:\Program Files\Java\jdk1.8.0_25\jre\bin\t2k.dll
0x0000000069260000 - 0x000000006926d000 	C:\Program Files\Java\jdk1.8.0_25\jre\bin\management.dll
0x000007fefbbc0000 - 0x000007fefbbd5000 	C:\Windows\system32\NLAapi.dll
0x000007fef73a0000 - 0x000007fef73b5000 	C:\Windows\system32\napinsp.dll
0x000007fef7380000 - 0x000007fef7399000 	C:\Windows\system32\pnrpnsp.dll
0x000000006d780000 - 0x000000006d7a6000 	C:\Program Files\Bonjour\mdnsNSP.dll
0x000007fef8260000 - 0x000007fef828f000 	C:\Program Files\Common Files\Microsoft Shared\Windows Live\WLIDNSP.DLL
0x000007fefd070000 - 0x000007fefd0cb000 	C:\Windows\system32\DNSAPI.dll
0x000007fef7360000 - 0x000007fef736b000 	C:\Windows\System32\winrnr.dll
0x000007fefcb50000 - 0x000007fefcb57000 	C:\Windows\System32\wshtcpip.dll
0x000007fef81e0000 - 0x000007fef81e8000 	C:\Windows\system32\rasadhlp.dll
0x000007fefa370000 - 0x000007fefa3c3000 	C:\Windows\System32\fwpuclnt.dll
0x000007fefd850000 - 0x000007fefd8a7000 	C:\Windows\system32\apphelp.dll
0x0000000069090000 - 0x00000000690ba000 	C:\Program Files\Java\jdk1.8.0_25\jre\bin\dcpr.dll
0x000007fefba90000 - 0x000007fefbbba000 	C:\Windows\system32\WindowsCodecs.dll
0x000007fefa7a0000 - 0x000007fefa7af000 	C:\Windows\system32\AcSignIcon.dll
0x0000000067680000 - 0x0000000067be3000 	C:\Windows\system32\mfc100u.dll
0x000007fefadb0000 - 0x000007fefadb7000 	C:\Windows\system32\MSIMG32.dll
0x0000000074200000 - 0x000000007420d000 	C:\Windows\system32\MFC100ENU.DLL
0x000007fefa490000 - 0x000007fefa4c5000 	C:\Windows\system32\EhStorShell.dll
0x000007fef7f30000 - 0x000007fef7fae000 	C:\Windows\System32\cscui.dll
0x000007fefa650000 - 0x000007fefa65c000 	C:\Windows\System32\CSCDLL.dll
0x000007fef68d0000 - 0x000007fef68df000 	C:\Windows\system32\CSCAPI.dll
0x000007fef7eb0000 - 0x000007fef7f30000 	C:\Windows\system32\ntshrui.dll
0x000007fefd460000 - 0x000007fefd483000 	C:\Windows\system32\srvcli.dll
0x000007fefb3e0000 - 0x000007fefb3eb000 	C:\Windows\system32\slc.dll
0x000007fefdbc0000 - 0x000007fefdc60000 	C:\Windows\WinSxS\amd64_microsoft.windows.common-controls_6595b64144ccf1df_5.82.7600.16385_none_a44af8ec57f961cf\comctl32.dll
0x000007fef6070000 - 0x000007fef6195000 	C:\Windows\system32\dbghelp.dll

VM Arguments:
jvm_args: -Xincgc -Dawt.useSystemAAFontSettings=on -agentlib:jdwp=transport=dt_shmem,address=javadebug -Dfile.encoding=UTF-8 
java_command: bluej.runtime.ExecServer UTF-8
java_class_path (initial): C:\Program Files (x86)\Greenfoot\lib\extensions\greenfoot.jar;C:\Program Files (x86)\Greenfoot\lib\bluejcore.jar;C:\Program Files (x86)\Greenfoot\lib\bluejeditor.jar;C:\Program Files (x86)\Greenfoot\lib\bluejext.jar;C:\Program Files (x86)\Greenfoot\lib\AppleJavaExtensions.jar;C:\Program Files (x86)\Greenfoot\lib\junit-4.8.2.jar;C:\Program Files (x86)\Greenfoot\lib\bluej.jar;C:\Program Files (x86)\Greenfoot\lib\commons-httpclient-3.1.jar;C:\Program Files (x86)\Greenfoot\lib\commons-logging-api-1.1.2.jar;C:\Program Files (x86)\Greenfoot\lib\commons-codec-1.3.jar;C:\Program Files (x86)\Greenfoot\lib\jl1.0.1.jar;C:\Program Files (x86)\Greenfoot\lib\opencsv-2.3.jar
Launcher Type: SUN_STANDARD

Environment Variables:
CLASSPATH=.;C:\Program Files (x86)\Java\jre7\lib\ext\QTJava.zip
PATH=C:\ProgramData\Oracle\Java\javapath;C:\Program Files\Common Files\Microsoft Shared\Windows Live;C:\Program Files (x86)\Common Files\Microsoft Shared\Windows Live;C:\Windows\system32;C:\Windows;C:\Windows\System32\Wbem;C:\Windows\System32\WindowsPowerShell\v1.0\;C:\Program Files (x86)\QuickTime\QTSystem\;C:\Program Files (x86)\Pinnacle\Shared Files\;C:\Program Files (x86)\Pinnacle\Shared Files\Filter\;c:\android-sdk-windows\tools;c:\android-sdk-windows\platform-tools;C:\Program Files (x86)\Windows Live\Shared;C:\Program Files (x86)\Skype\Phone\;C:\Program Files\MiKTeX 2.9\miktex\bin\x64\
USERNAME=Ahrenn
OS=Windows_NT
PROCESSOR_IDENTIFIER=AMD64 Family 16 Model 6 Stepping 2, AuthenticAMD



---------------  S Y S T E M  ---------------

OS: Windows 7 , 64 bit Build 7600 

CPU:total 2 (2 cores per cpu, 1 threads per core) family 16 model 6 stepping 2, cmov, cx8, fxsr, mmx, sse, sse2, sse3, popcnt, mmxext, 3dnowpref, lzcnt, sse4a, tsc, tscinvbit, tscinv

Memory: 4k page, physical 4190368k(1242112k free), swap 8378840k(4673244k free)

vm_info: Java HotSpot(TM) 64-Bit Server VM (25.25-b02) for windows-amd64 JRE (1.8.0_25-b18), built on Oct  7 2014 14:25:37 by "java_re" with MS VC++ 10.0 (VS2010)

time: Fri Jun 12 22:39:15 2015
elapsed time: 75 seconds (0d 0h 1m 15s)

